Performing C++ SOURCE FILE Test ICONV_SECOND_ARGUMENT_IS_CONST failed with the following output:
Change Dir: /home/steven/Descargas/Proyecto 2019/Practica2019-UDC/inkscape/build/CMakeFiles/CMakeTmp

Run Build Command:"/usr/bin/make" "cmTC_500cc/fast"
/usr/bin/make -f CMakeFiles/cmTC_500cc.dir/build.make CMakeFiles/cmTC_500cc.dir/build
make[1]: se entra en el directorio '/home/steven/Descargas/Proyecto 2019/Practica2019-UDC/inkscape/build/CMakeFiles/CMakeTmp'
Building CXX object CMakeFiles/cmTC_500cc.dir/src.cxx.o
/usr/bin/c++    -DICONV_SECOND_ARGUMENT_IS_CONST   -o CMakeFiles/cmTC_500cc.dir/src.cxx.o -c "/home/steven/Descargas/Proyecto 2019/Practica2019-UDC/inkscape/build/CMakeFiles/CMakeTmp/src.cxx"
/home/steven/Descargas/Proyecto 2019/Practica2019-UDC/inkscape/build/CMakeFiles/CMakeTmp/src.cxx: In function ‘int main()’:
/home/steven/Descargas/Proyecto 2019/Practica2019-UDC/inkscape/build/CMakeFiles/CMakeTmp/src.cxx:9:17: error: invalid conversion from ‘const char**’ to ‘char**’ [-fpermissive]
     iconv(conv, &in, &ilen, &out, &olen);
                 ^~~
In file included from /home/steven/Descargas/Proyecto 2019/Practica2019-UDC/inkscape/build/CMakeFiles/CMakeTmp/src.cxx:2:0:
/usr/include/iconv.h:42:15: note:   initializing argument 2 of ‘size_t iconv(iconv_t, char**, size_t*, char**, size_t*)’
 extern size_t iconv (iconv_t __cd, char **__restrict __inbuf,
               ^~~~~
CMakeFiles/cmTC_500cc.dir/build.make:65: recipe for target 'CMakeFiles/cmTC_500cc.dir/src.cxx.o' failed
make[1]: *** [CMakeFiles/cmTC_500cc.dir/src.cxx.o] Error 1
make[1]: se sale del directorio '/home/steven/Descargas/Proyecto 2019/Practica2019-UDC/inkscape/build/CMakeFiles/CMakeTmp'
Makefile:126: recipe for target 'cmTC_500cc/fast' failed
make: *** [cmTC_500cc/fast] Error 2

Source file was:

  #include <iconv.h>
  int main(){
    iconv_t conv = 0;
    const char* in = 0;
    size_t ilen = 0;
    char* out = 0;
    size_t olen = 0;
    iconv(conv, &in, &ilen, &out, &olen);
    return 0;
  }

